============================= test session starts ==============================
platform linux -- Python 3.10.12, pytest-7.4.0, pluggy-1.3.0
rootdir: /home/runner/work/blog-checker/blog-checker
collected 1 item

test_zero_blog_checker.py .                                              [100%]

============================== 1 passed in 1.98s ===============================
============================= test session starts ==============================
platform linux -- Python 3.10.12, pytest-7.4.0, pluggy-1.3.0
rootdir: /home/runner/work/blog-checker/blog-checker
collected 1 item

test_zero_blog_checker.py .                                              [100%]

============================== 1 passed in 1.73s ===============================
============================= test session starts ==============================
platform linux -- Python 3.10.12, pytest-7.4.0, pluggy-1.3.0
rootdir: /home/runner/work/blog-checker/blog-checker
collected 1 item

test_zero_blog_checker.py .                                              [100%]

============================== 1 passed in 2.11s ===============================
               Local time: Tue 2023-08-29 07:43:18 UTC
           Universal time: Tue 2023-08-29 07:43:18 UTC
                 RTC time: Tue 2023-08-29 07:43:18
                Time zone: Etc/UTC (UTC, +0000)
System clock synchronized: yes
              NTP service: active
          RTC in local TZ: no
============================= test session starts ==============================
platform linux -- Python 3.10.12, pytest-7.4.0, pluggy-1.3.0
rootdir: /home/runner/work/blog-checker/blog-checker
collected 1 item

test_zero_blog_checker.py .                                              [100%]

============================== 1 passed in 2.12s ===============================
               Local time: Tue 2023-08-29 07:49:02 UTC
           Universal time: Tue 2023-08-29 07:49:02 UTC
                 RTC time: Tue 2023-08-29 07:49:01
                Time zone: Etc/UTC (UTC, +0000)
System clock synchronized: yes
              NTP service: active
          RTC in local TZ: no
============================= test session starts ==============================
platform linux -- Python 3.10.12, pytest-7.4.0, pluggy-1.3.0
rootdir: /home/runner/work/blog-checker/blog-checker
collected 1 item

test_zero_blog_checker.py .                                              [100%]

============================== 1 passed in 1.90s ===============================
               Local time: Tue 2023-08-29 15:01:41 UTC
           Universal time: Tue 2023-08-29 15:01:41 UTC
                 RTC time: Tue 2023-08-29 15:01:41
                Time zone: Etc/UTC (UTC, +0000)
System clock synchronized: yes
              NTP service: active
          RTC in local TZ: no
============================= test session starts ==============================
platform linux -- Python 3.10.12, pytest-7.4.0, pluggy-1.3.0
rootdir: /home/runner/work/blog-checker/blog-checker
collected 1 item

test_zero_blog_checker.py .                                              [100%]

============================== 1 passed in 2.36s ===============================
               Local time: Wed 2023-08-30 15:00:31 UTC
           Universal time: Wed 2023-08-30 15:00:31 UTC
                 RTC time: Wed 2023-08-30 15:00:32
                Time zone: Etc/UTC (UTC, +0000)
System clock synchronized: yes
              NTP service: active
          RTC in local TZ: no
============================= test session starts ==============================
platform linux -- Python 3.10.12, pytest-7.4.0, pluggy-1.3.0
rootdir: /home/runner/work/blog-checker/blog-checker
collected 1 item

test_zero_blog_checker.py .                                              [100%]

============================== 1 passed in 1.89s ===============================
               Local time: Wed 2023-08-30 15:01:39 UTC
           Universal time: Wed 2023-08-30 15:01:39 UTC
                 RTC time: Wed 2023-08-30 15:01:39
                Time zone: Etc/UTC (UTC, +0000)
System clock synchronized: yes
              NTP service: active
          RTC in local TZ: no
============================= test session starts ==============================
platform linux -- Python 3.10.12, pytest-7.4.0, pluggy-1.3.0
rootdir: /home/runner/work/blog-checker/blog-checker
collected 1 item

test_zero_blog_checker.py .                                              [100%]

============================== 1 passed in 1.63s ===============================
               Local time: Wed 2023-08-30 15:09:10 UTC
           Universal time: Wed 2023-08-30 15:09:10 UTC
                 RTC time: Wed 2023-08-30 15:09:10
                Time zone: Etc/UTC (UTC, +0000)
System clock synchronized: yes
              NTP service: active
          RTC in local TZ: no
============================= test session starts ==============================
platform linux -- Python 3.10.12, pytest-7.4.0, pluggy-1.3.0
rootdir: /home/runner/work/blog-checker/blog-checker
collected 1 item

test_zero_blog_checker.py .                                              [100%]

============================== 1 passed in 1.36s ===============================
               Local time: Fri 2023-09-01 15:01:38 UTC
           Universal time: Fri 2023-09-01 15:01:38 UTC
                 RTC time: Fri 2023-09-01 15:01:38
                Time zone: Etc/UTC (UTC, +0000)
System clock synchronized: yes
              NTP service: active
          RTC in local TZ: no
============================= test session starts ==============================
platform linux -- Python 3.10.12, pytest-7.4.0, pluggy-1.3.0
rootdir: /home/runner/work/blog-checker/blog-checker
collected 1 item

test_zero_blog_checker.py .                                              [100%]

============================== 1 passed in 1.85s ===============================
               Local time: Sat 2023-09-02 15:01:28 UTC
           Universal time: Sat 2023-09-02 15:01:28 UTC
                 RTC time: Sat 2023-09-02 15:01:27
                Time zone: Etc/UTC (UTC, +0000)
System clock synchronized: yes
              NTP service: active
          RTC in local TZ: no
============================= test session starts ==============================
platform linux -- Python 3.10.12, pytest-7.4.0, pluggy-1.3.0
rootdir: /home/runner/work/blog-checker/blog-checker
collected 1 item

test_zero_blog_checker.py .                                              [100%]

============================== 1 passed in 1.56s ===============================
               Local time: Sun 2023-09-03 15:01:36 UTC
           Universal time: Sun 2023-09-03 15:01:36 UTC
                 RTC time: Sun 2023-09-03 15:01:36
                Time zone: Etc/UTC (UTC, +0000)
System clock synchronized: yes
              NTP service: active
          RTC in local TZ: no
============================= test session starts ==============================
platform linux -- Python 3.10.12, pytest-7.4.0, pluggy-1.3.0
rootdir: /home/runner/work/blog-checker/blog-checker
collected 1 item

test_zero_blog_checker.py .                                              [100%]

============================== 1 passed in 1.85s ===============================
               Local time: Mon 2023-09-04 15:01:47 UTC
           Universal time: Mon 2023-09-04 15:01:47 UTC
                 RTC time: Mon 2023-09-04 15:01:47
                Time zone: Etc/UTC (UTC, +0000)
System clock synchronized: yes
              NTP service: active
          RTC in local TZ: no
============================= test session starts ==============================
platform linux -- Python 3.10.12, pytest-7.4.0, pluggy-1.3.0
rootdir: /home/runner/work/blog-checker/blog-checker
collected 1 item

test_zero_blog_checker.py .                                              [100%]

============================== 1 passed in 1.35s ===============================
               Local time: Tue 2023-09-05 15:01:43 UTC
           Universal time: Tue 2023-09-05 15:01:43 UTC
                 RTC time: Tue 2023-09-05 15:01:42
                Time zone: Etc/UTC (UTC, +0000)
System clock synchronized: yes
              NTP service: active
          RTC in local TZ: no
============================= test session starts ==============================
platform linux -- Python 3.10.12, pytest-7.4.0, pluggy-1.3.0
rootdir: /home/runner/work/blog-checker/blog-checker
collected 1 item

test_zero_blog_checker.py .                                              [100%]

============================== 1 passed in 1.62s ===============================
               Local time: Wed 2023-09-06 15:01:55 UTC
           Universal time: Wed 2023-09-06 15:01:55 UTC
                 RTC time: Wed 2023-09-06 15:01:56
                Time zone: Etc/UTC (UTC, +0000)
System clock synchronized: yes
              NTP service: active
          RTC in local TZ: no
============================= test session starts ==============================
platform linux -- Python 3.10.12, pytest-7.4.0, pluggy-1.3.0
rootdir: /home/runner/work/blog-checker/blog-checker
collected 1 item

test_zero_blog_checker.py .                                              [100%]

============================== 1 passed in 1.79s ===============================
               Local time: Sat 2023-09-09 15:01:29 UTC
           Universal time: Sat 2023-09-09 15:01:29 UTC
                 RTC time: Sat 2023-09-09 15:01:29
                Time zone: Etc/UTC (UTC, +0000)
System clock synchronized: yes
              NTP service: active
          RTC in local TZ: no
============================= test session starts ==============================
platform linux -- Python 3.10.12, pytest-7.4.0, pluggy-1.3.0
rootdir: /home/runner/work/blog-checker/blog-checker
collected 1 item

test_zero_blog_checker.py .                                              [100%]

============================== 1 passed in 1.90s ===============================
               Local time: Mon 2023-09-11 15:01:49 UTC
           Universal time: Mon 2023-09-11 15:01:49 UTC
                 RTC time: Mon 2023-09-11 15:01:49
                Time zone: Etc/UTC (UTC, +0000)
System clock synchronized: yes
              NTP service: active
          RTC in local TZ: no
============================= test session starts ==============================
platform linux -- Python 3.10.12, pytest-7.4.0, pluggy-1.3.0
rootdir: /home/runner/work/blog-checker/blog-checker
collected 1 item

test_zero_blog_checker.py .                                              [100%]

============================== 1 passed in 1.39s ===============================
               Local time: Tue 2023-09-12 15:01:41 UTC
           Universal time: Tue 2023-09-12 15:01:41 UTC
                 RTC time: Tue 2023-09-12 15:01:40
                Time zone: Etc/UTC (UTC, +0000)
System clock synchronized: yes
              NTP service: active
          RTC in local TZ: no
============================= test session starts ==============================
platform linux -- Python 3.10.12, pytest-7.4.0, pluggy-1.3.0
rootdir: /home/runner/work/blog-checker/blog-checker
collected 1 item

test_zero_blog_checker.py .                                              [100%]

============================== 1 passed in 1.71s ===============================
               Local time: Wed 2023-09-13 15:01:32 UTC
           Universal time: Wed 2023-09-13 15:01:32 UTC
                 RTC time: Wed 2023-09-13 15:01:33
                Time zone: Etc/UTC (UTC, +0000)
System clock synchronized: yes
              NTP service: active
          RTC in local TZ: no
============================= test session starts ==============================
platform linux -- Python 3.10.12, pytest-7.4.0, pluggy-1.3.0
rootdir: /home/runner/work/blog-checker/blog-checker
collected 1 item

test_zero_blog_checker.py .                                              [100%]

============================== 1 passed in 1.79s ===============================
               Local time: Mon 2023-09-18 15:01:36 UTC
           Universal time: Mon 2023-09-18 15:01:36 UTC
                 RTC time: Mon 2023-09-18 15:01:36
                Time zone: Etc/UTC (UTC, +0000)
System clock synchronized: yes
              NTP service: active
          RTC in local TZ: no
============================= test session starts ==============================
platform linux -- Python 3.10.12, pytest-7.4.0, pluggy-1.3.0
rootdir: /home/runner/work/blog-checker/blog-checker
collected 1 item

test_zero_blog_checker.py .                                              [100%]

============================== 1 passed in 1.49s ===============================
               Local time: Tue 2023-09-19 15:01:42 UTC
           Universal time: Tue 2023-09-19 15:01:42 UTC
                 RTC time: Tue 2023-09-19 15:01:42
                Time zone: Etc/UTC (UTC, +0000)
System clock synchronized: yes
              NTP service: active
          RTC in local TZ: no
============================= test session starts ==============================
platform linux -- Python 3.10.12, pytest-7.4.0, pluggy-1.3.0
rootdir: /home/runner/work/blog-checker/blog-checker
collected 1 item

test_zero_blog_checker.py .                                              [100%]

============================== 1 passed in 1.56s ===============================
               Local time: Wed 2023-09-20 15:01:43 UTC
           Universal time: Wed 2023-09-20 15:01:43 UTC
                 RTC time: Wed 2023-09-20 15:01:43
                Time zone: Etc/UTC (UTC, +0000)
System clock synchronized: yes
              NTP service: active
          RTC in local TZ: no
============================= test session starts ==============================
platform linux -- Python 3.10.12, pytest-7.4.0, pluggy-1.3.0
rootdir: /home/runner/work/blog-checker/blog-checker
collected 1 item

test_zero_blog_checker.py .                                              [100%]

============================== 1 passed in 1.71s ===============================
               Local time: Fri 2023-09-22 15:01:46 UTC
           Universal time: Fri 2023-09-22 15:01:46 UTC
                 RTC time: Fri 2023-09-22 15:01:46
                Time zone: Etc/UTC (UTC, +0000)
System clock synchronized: yes
              NTP service: active
          RTC in local TZ: no
============================= test session starts ==============================
platform linux -- Python 3.10.12, pytest-7.4.0, pluggy-1.3.0
rootdir: /home/runner/work/blog-checker/blog-checker
collected 1 item

test_zero_blog_checker.py .                                              [100%]

============================== 1 passed in 1.62s ===============================
               Local time: Mon 2023-09-25 15:01:55 UTC
           Universal time: Mon 2023-09-25 15:01:55 UTC
                 RTC time: Mon 2023-09-25 15:01:55
                Time zone: Etc/UTC (UTC, +0000)
System clock synchronized: yes
              NTP service: active
          RTC in local TZ: no
============================= test session starts ==============================
platform linux -- Python 3.10.12, pytest-7.4.0, pluggy-1.3.0
rootdir: /home/runner/work/blog-checker/blog-checker
collected 1 item

test_zero_blog_checker.py .                                              [100%]

============================== 1 passed in 1.84s ===============================
               Local time: Tue 2023-09-26 15:01:44 UTC
           Universal time: Tue 2023-09-26 15:01:44 UTC
                 RTC time: Tue 2023-09-26 15:01:43
                Time zone: Etc/UTC (UTC, +0000)
System clock synchronized: yes
              NTP service: active
          RTC in local TZ: no
============================= test session starts ==============================
platform linux -- Python 3.10.12, pytest-7.4.0, pluggy-1.3.0
rootdir: /home/runner/work/blog-checker/blog-checker
collected 1 item

test_zero_blog_checker.py .                                              [100%]

============================== 1 passed in 2.04s ===============================
               Local time: Wed 2023-09-27 15:01:42 UTC
           Universal time: Wed 2023-09-27 15:01:42 UTC
                 RTC time: Wed 2023-09-27 15:01:41
                Time zone: Etc/UTC (UTC, +0000)
System clock synchronized: yes
              NTP service: active
          RTC in local TZ: no
============================= test session starts ==============================
platform linux -- Python 3.10.12, pytest-7.4.0, pluggy-1.3.0
rootdir: /home/runner/work/blog-checker/blog-checker
collected 1 item

test_zero_blog_checker.py .                                              [100%]

============================== 1 passed in 2.03s ===============================
               Local time: Thu 2023-09-28 15:01:55 UTC
           Universal time: Thu 2023-09-28 15:01:55 UTC
                 RTC time: Thu 2023-09-28 15:01:55
                Time zone: Etc/UTC (UTC, +0000)
System clock synchronized: yes
              NTP service: active
          RTC in local TZ: no
============================= test session starts ==============================
platform linux -- Python 3.10.12, pytest-7.4.0, pluggy-1.3.0
rootdir: /home/runner/work/blog-checker/blog-checker
collected 1 item

test_zero_blog_checker.py .                                              [100%]

============================== 1 passed in 1.64s ===============================
               Local time: Fri 2023-09-29 15:01:29 UTC
           Universal time: Fri 2023-09-29 15:01:29 UTC
                 RTC time: Fri 2023-09-29 15:01:29
                Time zone: Etc/UTC (UTC, +0000)
System clock synchronized: yes
              NTP service: active
          RTC in local TZ: no
============================= test session starts ==============================
platform linux -- Python 3.10.12, pytest-7.4.0, pluggy-1.3.0
rootdir: /home/runner/work/blog-checker/blog-checker
collected 1 item

test_zero_blog_checker.py .                                              [100%]

============================== 1 passed in 1.64s ===============================
               Local time: Sat 2023-09-30 15:01:26 UTC
           Universal time: Sat 2023-09-30 15:01:26 UTC
                 RTC time: Sat 2023-09-30 15:01:27
                Time zone: Etc/UTC (UTC, +0000)
System clock synchronized: yes
              NTP service: active
          RTC in local TZ: no
============================= test session starts ==============================
platform linux -- Python 3.10.12, pytest-7.4.0, pluggy-1.3.0
rootdir: /home/runner/work/blog-checker/blog-checker
collected 1 item

test_zero_blog_checker.py .                                              [100%]

============================== 1 passed in 1.51s ===============================
               Local time: Wed 2023-10-04 15:01:46 UTC
           Universal time: Wed 2023-10-04 15:01:46 UTC
                 RTC time: Wed 2023-10-04 15:01:46
                Time zone: Etc/UTC (UTC, +0000)
System clock synchronized: yes
              NTP service: active
          RTC in local TZ: no
============================= test session starts ==============================
platform linux -- Python 3.10.12, pytest-7.4.0, pluggy-1.3.0
rootdir: /home/runner/work/blog-checker/blog-checker
collected 1 item

test_zero_blog_checker.py .                                              [100%]

============================== 1 passed in 2.21s ===============================
               Local time: Mon 2023-10-09 15:01:51 UTC
           Universal time: Mon 2023-10-09 15:01:51 UTC
                 RTC time: Mon 2023-10-09 15:01:51
                Time zone: Etc/UTC (UTC, +0000)
System clock synchronized: yes
              NTP service: active
          RTC in local TZ: no
============================= test session starts ==============================
platform linux -- Python 3.10.12, pytest-7.4.0, pluggy-1.3.0
rootdir: /home/runner/work/blog-checker/blog-checker
collected 1 item

test_zero_blog_checker.py .                                              [100%]

============================== 1 passed in 1.79s ===============================
