============================= test session starts ==============================
platform linux -- Python 3.10.12, pytest-7.4.0, pluggy-1.3.0
rootdir: /home/runner/work/blog-checker/blog-checker
collected 1 item

test_zero_blog_checker.py .                                              [100%]

============================== 1 passed in 1.98s ===============================
============================= test session starts ==============================
platform linux -- Python 3.10.12, pytest-7.4.0, pluggy-1.3.0
rootdir: /home/runner/work/blog-checker/blog-checker
collected 1 item

test_zero_blog_checker.py .                                              [100%]

============================== 1 passed in 1.73s ===============================
============================= test session starts ==============================
platform linux -- Python 3.10.12, pytest-7.4.0, pluggy-1.3.0
rootdir: /home/runner/work/blog-checker/blog-checker
collected 1 item

test_zero_blog_checker.py .                                              [100%]

============================== 1 passed in 2.11s ===============================
               Local time: Tue 2023-08-29 07:43:18 UTC
           Universal time: Tue 2023-08-29 07:43:18 UTC
                 RTC time: Tue 2023-08-29 07:43:18
                Time zone: Etc/UTC (UTC, +0000)
System clock synchronized: yes
              NTP service: active
          RTC in local TZ: no
============================= test session starts ==============================
platform linux -- Python 3.10.12, pytest-7.4.0, pluggy-1.3.0
rootdir: /home/runner/work/blog-checker/blog-checker
collected 1 item

test_zero_blog_checker.py .                                              [100%]

============================== 1 passed in 2.12s ===============================
               Local time: Tue 2023-08-29 07:49:02 UTC
           Universal time: Tue 2023-08-29 07:49:02 UTC
                 RTC time: Tue 2023-08-29 07:49:01
                Time zone: Etc/UTC (UTC, +0000)
System clock synchronized: yes
              NTP service: active
          RTC in local TZ: no
============================= test session starts ==============================
platform linux -- Python 3.10.12, pytest-7.4.0, pluggy-1.3.0
rootdir: /home/runner/work/blog-checker/blog-checker
collected 1 item

test_zero_blog_checker.py .                                              [100%]

============================== 1 passed in 1.90s ===============================
               Local time: Tue 2023-08-29 15:01:41 UTC
           Universal time: Tue 2023-08-29 15:01:41 UTC
                 RTC time: Tue 2023-08-29 15:01:41
                Time zone: Etc/UTC (UTC, +0000)
System clock synchronized: yes
              NTP service: active
          RTC in local TZ: no
============================= test session starts ==============================
platform linux -- Python 3.10.12, pytest-7.4.0, pluggy-1.3.0
rootdir: /home/runner/work/blog-checker/blog-checker
collected 1 item

test_zero_blog_checker.py .                                              [100%]

============================== 1 passed in 2.36s ===============================
               Local time: Wed 2023-08-30 15:00:31 UTC
           Universal time: Wed 2023-08-30 15:00:31 UTC
                 RTC time: Wed 2023-08-30 15:00:32
                Time zone: Etc/UTC (UTC, +0000)
System clock synchronized: yes
              NTP service: active
          RTC in local TZ: no
============================= test session starts ==============================
platform linux -- Python 3.10.12, pytest-7.4.0, pluggy-1.3.0
rootdir: /home/runner/work/blog-checker/blog-checker
collected 1 item

test_zero_blog_checker.py .                                              [100%]

============================== 1 passed in 1.89s ===============================
               Local time: Wed 2023-08-30 15:01:39 UTC
           Universal time: Wed 2023-08-30 15:01:39 UTC
                 RTC time: Wed 2023-08-30 15:01:39
                Time zone: Etc/UTC (UTC, +0000)
System clock synchronized: yes
              NTP service: active
          RTC in local TZ: no
============================= test session starts ==============================
platform linux -- Python 3.10.12, pytest-7.4.0, pluggy-1.3.0
rootdir: /home/runner/work/blog-checker/blog-checker
collected 1 item

test_zero_blog_checker.py .                                              [100%]

============================== 1 passed in 1.63s ===============================
               Local time: Wed 2023-08-30 15:09:10 UTC
           Universal time: Wed 2023-08-30 15:09:10 UTC
                 RTC time: Wed 2023-08-30 15:09:10
                Time zone: Etc/UTC (UTC, +0000)
System clock synchronized: yes
              NTP service: active
          RTC in local TZ: no
============================= test session starts ==============================
platform linux -- Python 3.10.12, pytest-7.4.0, pluggy-1.3.0
rootdir: /home/runner/work/blog-checker/blog-checker
collected 1 item

test_zero_blog_checker.py .                                              [100%]

============================== 1 passed in 1.36s ===============================
